c:\users\v-liderman\dataadapter\lib\yajl\src\yajl_s.dir\release\yajl_version.obj
c:\users\v-liderman\dataadapter\lib\yajl\src\yajl_s.dir\release\yajl_tree.obj
c:\users\v-liderman\dataadapter\lib\yajl\src\yajl_s.dir\release\yajl_alloc.obj
c:\users\v-liderman\dataadapter\lib\yajl\src\yajl_s.dir\release\yajl_gen.obj
c:\users\v-liderman\dataadapter\lib\yajl\src\yajl_s.dir\release\yajl_encode.obj
c:\users\v-liderman\dataadapter\lib\yajl\src\yajl_s.dir\release\yajl_buf.obj
c:\users\v-liderman\dataadapter\lib\yajl\src\yajl_s.dir\release\yajl_parser.obj
c:\users\v-liderman\dataadapter\lib\yajl\src\yajl_s.dir\release\yajl_lex.obj
c:\users\v-liderman\dataadapter\lib\yajl\src\yajl_s.dir\release\yajl.obj
c:\users\v-liderman\dataadapter\lib\yajl\src\cmakefiles\generate.stamp
c:\users\v-liderman\dataadapter\lib\yajl\lib\release\yajl_s.lib
c:\users\v-liderman\dataadapter\lib\yajl\src\yajl_s.dir\release\yajl_s.tlog\cl.command.1.tlog
c:\users\v-liderman\dataadapter\lib\yajl\src\yajl_s.dir\release\yajl_s.tlog\cl.read.1.tlog
c:\users\v-liderman\dataadapter\lib\yajl\src\yajl_s.dir\release\yajl_s.tlog\cl.write.1.tlog
c:\users\v-liderman\dataadapter\lib\yajl\src\yajl_s.dir\release\yajl_s.tlog\custombuild.command.1.tlog
c:\users\v-liderman\dataadapter\lib\yajl\src\yajl_s.dir\release\yajl_s.tlog\custombuild.read.1.tlog
c:\users\v-liderman\dataadapter\lib\yajl\src\yajl_s.dir\release\yajl_s.tlog\custombuild.write.1.tlog
c:\users\v-liderman\dataadapter\lib\yajl\src\yajl_s.dir\release\yajl_s.tlog\lib-link.read.1.tlog
c:\users\v-liderman\dataadapter\lib\yajl\src\yajl_s.dir\release\yajl_s.tlog\lib-link.write.1.tlog
c:\users\v-liderman\dataadapter\lib\yajl\src\yajl_s.dir\release\yajl_s.tlog\lib.command.1.tlog
