c:\users\v-liderman\dataadapter\lib\yajl\src\yajl.dir\release\yajl_version.obj
c:\users\v-liderman\dataadapter\lib\yajl\src\yajl.dir\release\yajl_tree.obj
c:\users\v-liderman\dataadapter\lib\yajl\src\yajl.dir\release\yajl_alloc.obj
c:\users\v-liderman\dataadapter\lib\yajl\src\yajl.dir\release\yajl_gen.obj
c:\users\v-liderman\dataadapter\lib\yajl\src\yajl.dir\release\yajl_encode.obj
c:\users\v-liderman\dataadapter\lib\yajl\src\yajl.dir\release\yajl_buf.obj
c:\users\v-liderman\dataadapter\lib\yajl\src\yajl.dir\release\yajl_parser.obj
c:\users\v-liderman\dataadapter\lib\yajl\src\yajl.dir\release\yajl_lex.obj
c:\users\v-liderman\dataadapter\lib\yajl\src\yajl.dir\release\yajl.obj
c:\users\v-liderman\dataadapter\lib\yajl\src\cmakefiles\generate.stamp
c:\users\v-liderman\dataadapter\lib\yajl\lib\release\yajl.dll
c:\users\v-liderman\dataadapter\lib\yajl\lib\release\yajl.lib
c:\users\v-liderman\dataadapter\lib\yajl\lib\release\yajl.exp
c:\users\v-liderman\dataadapter\lib\yajl\src\yajl.dir\release\yajl.tlog\cl.command.1.tlog
c:\users\v-liderman\dataadapter\lib\yajl\src\yajl.dir\release\yajl.tlog\cl.read.1.tlog
c:\users\v-liderman\dataadapter\lib\yajl\src\yajl.dir\release\yajl.tlog\cl.write.1.tlog
c:\users\v-liderman\dataadapter\lib\yajl\src\yajl.dir\release\yajl.tlog\custombuild.command.1.tlog
c:\users\v-liderman\dataadapter\lib\yajl\src\yajl.dir\release\yajl.tlog\custombuild.read.1.tlog
c:\users\v-liderman\dataadapter\lib\yajl\src\yajl.dir\release\yajl.tlog\custombuild.write.1.tlog
c:\users\v-liderman\dataadapter\lib\yajl\src\yajl.dir\release\yajl.tlog\link.command.1.tlog
c:\users\v-liderman\dataadapter\lib\yajl\src\yajl.dir\release\yajl.tlog\link.read.1.tlog
c:\users\v-liderman\dataadapter\lib\yajl\src\yajl.dir\release\yajl.tlog\link.write.1.tlog
c:\users\v-liderman\dataadapter\lib\yajl\src\yajl.dir\release\yajl.tlog\yajl.write.1u.tlog
